{"/home/timegorov/codefellows/code401/api-server/src/server.js": {"path":"/home/timegorov/codefellows/code401/api-server/src/server.js","statementMap":{"0":{"start":{"line":3,"column":16},"end":{"line":3,"column":34}},"1":{"start":{"line":4,"column":13},"end":{"line":4,"column":28}},"2":{"start":{"line":5,"column":23},"end":{"line":5,"column":55}},"3":{"start":{"line":6,"column":20},"end":{"line":6,"column":49}},"4":{"start":{"line":8,"column":12},"end":{"line":8,"column":21}},"5":{"start":{"line":10,"column":0},"end":{"line":10,"column":16}},"6":{"start":{"line":11,"column":0},"end":{"line":11,"column":24}},"7":{"start":{"line":13,"column":0},"end":{"line":13,"column":24}},"8":{"start":{"line":14,"column":0},"end":{"line":14,"column":21}},"9":{"start":{"line":17,"column":0},"end":{"line":22,"column":1}},"10":{"start":{"line":20,"column":4},"end":{"line":20,"column":63}},"11":{"start":{"line":20,"column":27},"end":{"line":20,"column":61}}},"fnMap":{"0":{"name":"(anonymous_0)","decl":{"start":{"line":19,"column":9},"end":{"line":19,"column":10}},"loc":{"start":{"line":19,"column":19},"end":{"line":21,"column":3}},"line":19},"1":{"name":"(anonymous_1)","decl":{"start":{"line":20,"column":21},"end":{"line":20,"column":22}},"loc":{"start":{"line":20,"column":27},"end":{"line":20,"column":61}},"line":20}},"branchMap":{},"s":{"0":1,"1":1,"2":1,"3":1,"4":1,"5":1,"6":1,"7":1,"8":1,"9":1,"10":0,"11":0},"f":{"0":0,"1":0},"b":{},"_coverageSchema":"1a1c01bbd47fc00a2c39e90264f33305004495a9","hash":"191916e5529cae497534405dab7ba21490c13191"}
,"/home/timegorov/codefellows/code401/api-server/src/models/collection.js": {"path":"/home/timegorov/codefellows/code401/api-server/src/models/collection.js","statementMap":{"0":{"start":{"line":5,"column":4},"end":{"line":5,"column":21}},"1":{"start":{"line":6,"column":4},"end":{"line":6,"column":23}},"2":{"start":{"line":11,"column":22},"end":{"line":11,"column":36}},"3":{"start":{"line":13,"column":4},"end":{"line":18,"column":5}},"4":{"start":{"line":14,"column":6},"end":{"line":14,"column":37}},"5":{"start":{"line":15,"column":6},"end":{"line":15,"column":45}},"6":{"start":{"line":17,"column":6},"end":{"line":17,"column":45}},"7":{"start":{"line":23,"column":4},"end":{"line":23,"column":35}},"8":{"start":{"line":29,"column":14},"end":{"line":33,"column":6}},"9":{"start":{"line":35,"column":21},"end":{"line":35,"column":43}},"10":{"start":{"line":37,"column":4},"end":{"line":37,"column":22}},"11":{"start":{"line":42,"column":4},"end":{"line":42,"column":53}},"12":{"start":{"line":47,"column":4},"end":{"line":47,"column":38}},"13":{"start":{"line":48,"column":4},"end":{"line":52,"column":5}},"14":{"start":{"line":49,"column":6},"end":{"line":49,"column":39}},"15":{"start":{"line":51,"column":6},"end":{"line":51,"column":25}},"16":{"start":{"line":57,"column":0},"end":{"line":57,"column":28}}},"fnMap":{"0":{"name":"(anonymous_0)","decl":{"start":{"line":4,"column":2},"end":{"line":4,"column":3}},"loc":{"start":{"line":4,"column":27},"end":{"line":7,"column":3}},"line":4},"1":{"name":"(anonymous_1)","decl":{"start":{"line":10,"column":2},"end":{"line":10,"column":3}},"loc":{"start":{"line":10,"column":25},"end":{"line":19,"column":3}},"line":10},"2":{"name":"(anonymous_2)","decl":{"start":{"line":22,"column":2},"end":{"line":22,"column":3}},"loc":{"start":{"line":22,"column":15},"end":{"line":24,"column":3}},"line":22},"3":{"name":"(anonymous_3)","decl":{"start":{"line":27,"column":2},"end":{"line":27,"column":3}},"loc":{"start":{"line":27,"column":25},"end":{"line":38,"column":3}},"line":27},"4":{"name":"(anonymous_4)","decl":{"start":{"line":41,"column":2},"end":{"line":41,"column":3}},"loc":{"start":{"line":41,"column":13},"end":{"line":43,"column":3}},"line":41},"5":{"name":"(anonymous_5)","decl":{"start":{"line":46,"column":2},"end":{"line":46,"column":3}},"loc":{"start":{"line":46,"column":42},"end":{"line":53,"column":3}},"line":46}},"branchMap":{"0":{"loc":{"start":{"line":10,"column":11},"end":{"line":10,"column":23}},"type":"default-arg","locations":[{"start":{"line":10,"column":21},"end":{"line":10,"column":23}}],"line":10},"1":{"loc":{"start":{"line":13,"column":4},"end":{"line":18,"column":5}},"type":"if","locations":[{"start":{"line":13,"column":4},"end":{"line":18,"column":5}},{"start":{"line":13,"column":4},"end":{"line":18,"column":5}}],"line":13}},"s":{"0":2,"1":2,"2":2,"3":2,"4":1,"5":1,"6":1,"7":2,"8":0,"9":0,"10":0,"11":0,"12":2,"13":2,"14":2,"15":0,"16":1},"f":{"0":2,"1":2,"2":2,"3":0,"4":0,"5":2},"b":{"0":[1],"1":[1,1]},"_coverageSchema":"1a1c01bbd47fc00a2c39e90264f33305004495a9","hash":"51c72710bdb46bf1f55bc6fc96e6ec2c16a5f5f0"}
,"/home/timegorov/codefellows/code401/api-server/src/models/customers.js": {"path":"/home/timegorov/codefellows/code401/api-server/src/models/customers.js","statementMap":{"0":{"start":{"line":3,"column":18},"end":{"line":10,"column":1}},"1":{"start":{"line":4,"column":2},"end":{"line":9,"column":4}},"2":{"start":{"line":13,"column":0},"end":{"line":13,"column":27}}},"fnMap":{"0":{"name":"(anonymous_0)","decl":{"start":{"line":3,"column":18},"end":{"line":3,"column":19}},"loc":{"start":{"line":3,"column":44},"end":{"line":10,"column":1}},"line":3}},"branchMap":{},"s":{"0":1,"1":1,"2":1},"f":{"0":1},"b":{},"_coverageSchema":"1a1c01bbd47fc00a2c39e90264f33305004495a9","hash":"25620f6cd935f8ca95289c84b2c2fb7005ed2e68"}
,"/home/timegorov/codefellows/code401/api-server/src/models/index.js": {"path":"/home/timegorov/codefellows/code401/api-server/src/models/index.js","statementMap":{"0":{"start":{"line":3,"column":19},"end":{"line":3,"column":41}},"1":{"start":{"line":4,"column":22},"end":{"line":4,"column":47}},"2":{"start":{"line":6,"column":19},"end":{"line":6,"column":45}},"3":{"start":{"line":7,"column":33},"end":{"line":7,"column":53}},"4":{"start":{"line":9,"column":21},"end":{"line":9,"column":65}},"5":{"start":{"line":13,"column":16},"end":{"line":20,"column":2}},"6":{"start":{"line":22,"column":15},"end":{"line":22,"column":47}},"7":{"start":{"line":23,"column":18},"end":{"line":23,"column":53}},"8":{"start":{"line":26,"column":27},"end":{"line":26,"column":65}},"9":{"start":{"line":27,"column":24},"end":{"line":27,"column":56}},"10":{"start":{"line":30,"column":0},"end":{"line":32,"column":3}},"11":{"start":{"line":33,"column":0},"end":{"line":35,"column":3}},"12":{"start":{"line":38,"column":0},"end":{"line":42,"column":1}}},"fnMap":{},"branchMap":{"0":{"loc":{"start":{"line":9,"column":21},"end":{"line":9,"column":65}},"type":"binary-expr","locations":[{"start":{"line":9,"column":21},"end":{"line":9,"column":45}},{"start":{"line":9,"column":49},"end":{"line":9,"column":65}}],"line":9}},"s":{"0":1,"1":1,"2":1,"3":1,"4":1,"5":1,"6":1,"7":1,"8":1,"9":1,"10":1,"11":1,"12":1},"f":{},"b":{"0":[1,1]},"_coverageSchema":"1a1c01bbd47fc00a2c39e90264f33305004495a9","hash":"9f87688b53d684ca2996ecced1d6657ebfe09a45"}
,"/home/timegorov/codefellows/code401/api-server/src/models/orders.js": {"path":"/home/timegorov/codefellows/code401/api-server/src/models/orders.js","statementMap":{"0":{"start":{"line":3,"column":15},"end":{"line":14,"column":1}},"1":{"start":{"line":4,"column":2},"end":{"line":13,"column":5}},"2":{"start":{"line":16,"column":0},"end":{"line":16,"column":24}}},"fnMap":{"0":{"name":"(anonymous_0)","decl":{"start":{"line":3,"column":15},"end":{"line":3,"column":16}},"loc":{"start":{"line":3,"column":41},"end":{"line":14,"column":1}},"line":3}},"branchMap":{},"s":{"0":1,"1":1,"2":1},"f":{"0":1},"b":{},"_coverageSchema":"1a1c01bbd47fc00a2c39e90264f33305004495a9","hash":"da2b586e4b9c0b51f7962735c11c775327436289"}
,"/home/timegorov/codefellows/code401/api-server/src/routes/customers.js": {"path":"/home/timegorov/codefellows/code401/api-server/src/routes/customers.js","statementMap":{"0":{"start":{"line":3,"column":16},"end":{"line":3,"column":34}},"1":{"start":{"line":4,"column":13},"end":{"line":4,"column":42}},"2":{"start":{"line":5,"column":15},"end":{"line":5,"column":31}},"3":{"start":{"line":9,"column":0},"end":{"line":9,"column":33}},"4":{"start":{"line":10,"column":0},"end":{"line":10,"column":32}},"5":{"start":{"line":11,"column":0},"end":{"line":11,"column":42}},"6":{"start":{"line":12,"column":0},"end":{"line":12,"column":44}},"7":{"start":{"line":13,"column":0},"end":{"line":13,"column":37}},"8":{"start":{"line":20,"column":25},"end":{"line":20,"column":37}},"9":{"start":{"line":21,"column":23},"end":{"line":21,"column":65}},"10":{"start":{"line":23,"column":2},"end":{"line":23,"column":42}},"11":{"start":{"line":28,"column":23},"end":{"line":28,"column":52}},"12":{"start":{"line":30,"column":2},"end":{"line":30,"column":42}},"13":{"start":{"line":35,"column":21},"end":{"line":35,"column":46}},"14":{"start":{"line":36,"column":25},"end":{"line":41,"column":4}},"15":{"start":{"line":43,"column":2},"end":{"line":43,"column":44}},"16":{"start":{"line":48,"column":21},"end":{"line":48,"column":46}},"17":{"start":{"line":49,"column":25},"end":{"line":49,"column":37}},"18":{"start":{"line":50,"column":23},"end":{"line":50,"column":81}},"19":{"start":{"line":52,"column":2},"end":{"line":52,"column":42}},"20":{"start":{"line":57,"column":21},"end":{"line":57,"column":46}},"21":{"start":{"line":58,"column":2},"end":{"line":58,"column":61}},"22":{"start":{"line":60,"column":2},"end":{"line":60,"column":43}},"23":{"start":{"line":64,"column":0},"end":{"line":64,"column":24}}},"fnMap":{"0":{"name":"create","decl":{"start":{"line":19,"column":15},"end":{"line":19,"column":21}},"loc":{"start":{"line":19,"column":41},"end":{"line":24,"column":1}},"line":19},"1":{"name":"getAll","decl":{"start":{"line":27,"column":15},"end":{"line":27,"column":21}},"loc":{"start":{"line":27,"column":41},"end":{"line":31,"column":1}},"line":27},"2":{"name":"getOne","decl":{"start":{"line":34,"column":15},"end":{"line":34,"column":21}},"loc":{"start":{"line":34,"column":41},"end":{"line":44,"column":1}},"line":34},"3":{"name":"update","decl":{"start":{"line":47,"column":15},"end":{"line":47,"column":21}},"loc":{"start":{"line":47,"column":41},"end":{"line":53,"column":1}},"line":47},"4":{"name":"remove","decl":{"start":{"line":56,"column":15},"end":{"line":56,"column":21}},"loc":{"start":{"line":56,"column":41},"end":{"line":61,"column":1}},"line":56}},"branchMap":{},"s":{"0":1,"1":1,"2":1,"3":1,"4":1,"5":1,"6":1,"7":1,"8":0,"9":0,"10":0,"11":0,"12":0,"13":0,"14":0,"15":0,"16":0,"17":0,"18":0,"19":0,"20":0,"21":0,"22":0,"23":1},"f":{"0":0,"1":0,"2":0,"3":0,"4":0},"b":{},"_coverageSchema":"1a1c01bbd47fc00a2c39e90264f33305004495a9","hash":"b1951c46ff7dccd0e80b47971a0f9711eee787f9"}
,"/home/timegorov/codefellows/code401/api-server/src/routes/orders.js": {"path":"/home/timegorov/codefellows/code401/api-server/src/routes/orders.js","statementMap":{"0":{"start":{"line":3,"column":16},"end":{"line":3,"column":34}},"1":{"start":{"line":4,"column":13},"end":{"line":4,"column":42}},"2":{"start":{"line":5,"column":15},"end":{"line":5,"column":31}},"3":{"start":{"line":9,"column":0},"end":{"line":9,"column":30}},"4":{"start":{"line":10,"column":0},"end":{"line":10,"column":29}},"5":{"start":{"line":11,"column":0},"end":{"line":11,"column":36}},"6":{"start":{"line":12,"column":0},"end":{"line":12,"column":38}},"7":{"start":{"line":13,"column":0},"end":{"line":13,"column":41}},"8":{"start":{"line":20,"column":22},"end":{"line":20,"column":34}},"9":{"start":{"line":21,"column":20},"end":{"line":21,"column":56}},"10":{"start":{"line":23,"column":2},"end":{"line":23,"column":39}},"11":{"start":{"line":28,"column":20},"end":{"line":28,"column":46}},"12":{"start":{"line":30,"column":2},"end":{"line":30,"column":39}},"13":{"start":{"line":35,"column":18},"end":{"line":35,"column":40}},"14":{"start":{"line":36,"column":22},"end":{"line":41,"column":4}},"15":{"start":{"line":43,"column":2},"end":{"line":43,"column":41}},"16":{"start":{"line":48,"column":18},"end":{"line":48,"column":40}},"17":{"start":{"line":49,"column":22},"end":{"line":49,"column":34}},"18":{"start":{"line":50,"column":20},"end":{"line":50,"column":72}},"19":{"start":{"line":52,"column":2},"end":{"line":52,"column":39}},"20":{"start":{"line":57,"column":18},"end":{"line":57,"column":40}},"21":{"start":{"line":58,"column":2},"end":{"line":58,"column":55}},"22":{"start":{"line":60,"column":2},"end":{"line":60,"column":43}},"23":{"start":{"line":64,"column":0},"end":{"line":64,"column":24}}},"fnMap":{"0":{"name":"create","decl":{"start":{"line":19,"column":15},"end":{"line":19,"column":21}},"loc":{"start":{"line":19,"column":41},"end":{"line":24,"column":1}},"line":19},"1":{"name":"getAll","decl":{"start":{"line":27,"column":15},"end":{"line":27,"column":21}},"loc":{"start":{"line":27,"column":41},"end":{"line":31,"column":1}},"line":27},"2":{"name":"getOne","decl":{"start":{"line":34,"column":15},"end":{"line":34,"column":21}},"loc":{"start":{"line":34,"column":41},"end":{"line":44,"column":1}},"line":34},"3":{"name":"update","decl":{"start":{"line":47,"column":15},"end":{"line":47,"column":21}},"loc":{"start":{"line":47,"column":41},"end":{"line":53,"column":1}},"line":47},"4":{"name":"remove","decl":{"start":{"line":56,"column":15},"end":{"line":56,"column":21}},"loc":{"start":{"line":56,"column":41},"end":{"line":61,"column":1}},"line":56}},"branchMap":{},"s":{"0":1,"1":1,"2":1,"3":1,"4":1,"5":1,"6":1,"7":1,"8":0,"9":0,"10":0,"11":0,"12":0,"13":0,"14":0,"15":0,"16":0,"17":0,"18":0,"19":0,"20":0,"21":0,"22":0,"23":1},"f":{"0":0,"1":0,"2":0,"3":0,"4":0},"b":{},"_coverageSchema":"1a1c01bbd47fc00a2c39e90264f33305004495a9","hash":"1f392e8f6a720606814eb3390f1fe5f0389de8f3"}
}
