TN:
SF:src/server.js
FN:19,(anonymous_0)
FN:20,(anonymous_1)
FNF:2
FNH:0
FNDA:0,(anonymous_0)
FNDA:0,(anonymous_1)
DA:3,1
DA:4,1
DA:5,1
DA:6,1
DA:8,1
DA:10,1
DA:11,1
DA:13,1
DA:14,1
DA:17,1
DA:20,0
LF:11
LH:10
BRF:0
BRH:0
end_of_record
TN:
SF:src/models/collection.js
FN:4,(anonymous_0)
FN:10,(anonymous_1)
FN:22,(anonymous_2)
FN:27,(anonymous_3)
FN:41,(anonymous_4)
FN:46,(anonymous_5)
FNF:6
FNH:4
FNDA:2,(anonymous_0)
FNDA:2,(anonymous_1)
FNDA:2,(anonymous_2)
FNDA:0,(anonymous_3)
FNDA:0,(anonymous_4)
FNDA:2,(anonymous_5)
DA:5,2
DA:6,2
DA:11,2
DA:13,2
DA:14,1
DA:15,1
DA:17,1
DA:23,2
DA:29,0
DA:35,0
DA:37,0
DA:42,0
DA:47,2
DA:48,2
DA:49,2
DA:51,0
DA:57,1
LF:17
LH:12
BRDA:10,0,0,1
BRDA:13,1,0,1
BRDA:13,1,1,1
BRF:3
BRH:3
end_of_record
TN:
SF:src/models/customers.js
FN:3,(anonymous_0)
FNF:1
FNH:1
FNDA:1,(anonymous_0)
DA:3,1
DA:4,1
DA:13,1
LF:3
LH:3
BRF:0
BRH:0
end_of_record
TN:
SF:src/models/index.js
FNF:0
FNH:0
DA:3,1
DA:4,1
DA:6,1
DA:7,1
DA:9,1
DA:13,1
DA:22,1
DA:23,1
DA:26,1
DA:27,1
DA:30,1
DA:33,1
DA:38,1
LF:13
LH:13
BRDA:9,0,0,1
BRDA:9,0,1,1
BRF:2
BRH:2
end_of_record
TN:
SF:src/models/orders.js
FN:3,(anonymous_0)
FNF:1
FNH:1
FNDA:1,(anonymous_0)
DA:3,1
DA:4,1
DA:16,1
LF:3
LH:3
BRF:0
BRH:0
end_of_record
TN:
SF:src/routes/customers.js
FN:19,create
FN:27,getAll
FN:34,getOne
FN:47,update
FN:56,remove
FNF:5
FNH:0
FNDA:0,create
FNDA:0,getAll
FNDA:0,getOne
FNDA:0,update
FNDA:0,remove
DA:3,1
DA:4,1
DA:5,1
DA:9,1
DA:10,1
DA:11,1
DA:12,1
DA:13,1
DA:20,0
DA:21,0
DA:23,0
DA:28,0
DA:30,0
DA:35,0
DA:36,0
DA:43,0
DA:48,0
DA:49,0
DA:50,0
DA:52,0
DA:57,0
DA:58,0
DA:60,0
DA:64,1
LF:24
LH:9
BRF:0
BRH:0
end_of_record
TN:
SF:src/routes/orders.js
FN:19,create
FN:27,getAll
FN:34,getOne
FN:47,update
FN:56,remove
FNF:5
FNH:0
FNDA:0,create
FNDA:0,getAll
FNDA:0,getOne
FNDA:0,update
FNDA:0,remove
DA:3,1
DA:4,1
DA:5,1
DA:9,1
DA:10,1
DA:11,1
DA:12,1
DA:13,1
DA:20,0
DA:21,0
DA:23,0
DA:28,0
DA:30,0
DA:35,0
DA:36,0
DA:43,0
DA:48,0
DA:49,0
DA:50,0
DA:52,0
DA:57,0
DA:58,0
DA:60,0
DA:64,1
LF:24
LH:9
BRF:0
BRH:0
end_of_record
