TN:
SF:src/models/collection.js
FN:4,(anonymous_0)
FN:10,(anonymous_1)
FN:22,(anonymous_2)
FN:27,(anonymous_3)
FN:41,(anonymous_4)
FN:46,(anonymous_5)
FNF:6
FNH:4
FNDA:2,(anonymous_0)
FNDA:1,(anonymous_1)
FNDA:2,(anonymous_2)
FNDA:0,(anonymous_3)
FNDA:0,(anonymous_4)
FNDA:2,(anonymous_5)
DA:5,2
DA:6,2
DA:11,1
DA:13,1
DA:14,1
DA:15,1
DA:17,0
DA:23,2
DA:29,0
DA:35,0
DA:37,0
DA:42,0
DA:47,2
DA:48,2
DA:49,2
DA:51,0
DA:57,1
LF:17
LH:11
BRDA:10,0,0,0
BRDA:13,1,0,1
BRDA:13,1,1,0
BRF:3
BRH:1
end_of_record
TN:
SF:src/models/customers.js
FN:3,(anonymous_0)
FNF:1
FNH:1
FNDA:1,(anonymous_0)
DA:3,1
DA:4,1
DA:13,1
LF:3
LH:3
BRF:0
BRH:0
end_of_record
TN:
SF:src/models/index.js
FNF:0
FNH:0
DA:3,1
DA:4,1
DA:6,1
DA:7,1
DA:9,1
DA:10,1
DA:12,1
DA:13,1
DA:16,1
DA:17,1
DA:19,1
DA:22,1
DA:27,1
LF:13
LH:13
BRDA:9,0,0,1
BRDA:9,0,1,1
BRF:2
BRH:2
end_of_record
TN:
SF:src/models/orders.js
FN:3,(anonymous_0)
FNF:1
FNH:1
FNDA:1,(anonymous_0)
DA:3,1
DA:4,1
DA:16,1
LF:3
LH:3
BRF:0
BRH:0
end_of_record
